<?xml version="1.0" encoding="UTF-8"?>
<!-- Generated by org.testng.reporters.JUnitXMLReporter -->
<testsuite ignored="1" hostname="LAPTOP-991QHS6C" failures="0" tests="1" name="Default test" time="3.33" errors="0" timestamp="2024-05-07T22:24:12 IST">
  <testcase classname="restassured_bdd.RestAssuredJsonSchemaValidation" name="vaidationUsingMatchesJsonSchema" time="3.293"/>
  <testcase classname="restassured_bdd.RestAssuredJsonSchemaValidation" name="validationUsingJsonSchemaInClassPath" time="0.0">
    <ignored/>
  </testcase> <!-- validationUsingJsonSchemaInClassPath -->
</testsuite> <!-- Default test -->
