<?xml version="1.0" encoding="UTF-8"?>
<testng-results ignored="0" total="2" passed="2" failed="0" skipped="0">
  <reporter-output>
  </reporter-output>
  <suite started-at="2024-05-08T21:34:22 IST" name="Default suite" finished-at="2024-05-08T21:34:24 IST" duration-ms="1955">
    <groups>
    </groups>
    <test started-at="2024-05-08T21:34:22 IST" name="Default test" finished-at="2024-05-08T21:34:24 IST" duration-ms="1955">
      <class name="restassured_bdd.RequestSpecificationExample">
        <test-method is-config="true" signature="setRequestSpecification()[pri:0, instance:restassured_bdd.RequestSpecificationExample@564fabc8]" started-at="2024-05-08T21:34:21 IST" name="setRequestSpecification" finished-at="2024-05-08T21:34:22 IST" duration-ms="742" status="PASS">
          <reporter-output>
          </reporter-output>
        </test-method> <!-- setRequestSpecification -->
        <test-method signature="getAllEmployees()[pri:0, instance:restassured_bdd.RequestSpecificationExample@564fabc8]" started-at="2024-05-08T21:34:22 IST" name="getAllEmployees" finished-at="2024-05-08T21:34:24 IST" duration-ms="1703" status="PASS">
          <reporter-output>
          </reporter-output>
        </test-method> <!-- getAllEmployees -->
        <test-method signature="getAnEmployee()[pri:0, instance:restassured_bdd.RequestSpecificationExample@564fabc8]" started-at="2024-05-08T21:34:24 IST" name="getAnEmployee" finished-at="2024-05-08T21:34:24 IST" duration-ms="208" status="PASS">
          <reporter-output>
          </reporter-output>
        </test-method> <!-- getAnEmployee -->
      </class> <!-- restassured_bdd.RequestSpecificationExample -->
    </test> <!-- Default test -->
  </suite> <!-- Default suite -->
</testng-results>
