<?xml version="1.0" encoding="UTF-8"?>
<testng-results ignored="0" total="1" passed="1" failed="0" skipped="0">
  <reporter-output>
  </reporter-output>
  <suite started-at="2024-05-07T19:08:11 IST" name="Default suite" finished-at="2024-05-07T19:08:13 IST" duration-ms="2335">
    <groups>
    </groups>
    <test started-at="2024-05-07T19:08:11 IST" name="Default test" finished-at="2024-05-07T19:08:13 IST" duration-ms="2335">
      <class name="restassured_bdd.CreateEmployeeDataUsingJsonFile">
        <test-method signature="createAnEmployeeDataUsingJsonFile()[pri:0, instance:restassured_bdd.CreateEmployeeDataUsingJsonFile@42e99e4a]" started-at="2024-05-07T19:08:11 IST" name="createAnEmployeeDataUsingJsonFile" finished-at="2024-05-07T19:08:13 IST" duration-ms="2307" status="PASS">
          <reporter-output>
          </reporter-output>
        </test-method> <!-- createAnEmployeeDataUsingJsonFile -->
      </class> <!-- restassured_bdd.CreateEmployeeDataUsingJsonFile -->
    </test> <!-- Default test -->
  </suite> <!-- Default suite -->
</testng-results>
